<?xml version="1.0" encoding="UTF-8"?>
<!-- Generated by org.testng.reporters.JUnitXMLReporter -->
<testsuite ignored="3" hostname="DESKTOP-B1GSC0O" failures="1" tests="2" name="Test" time="22.909" errors="0" timestamp="2024-12-02T12:14:06 IST">
  <testcase classname="com.testscripts.demoblazeweb.Demo" name="demoTest" time="0.022"/>
  <testcase classname="com.testscripts.demoblazeweb.AddToCart" name="addToCartTest" time="2.251">
    <failure type="java.lang.AssertionError" message="null">
      <![CDATA[java.lang.AssertionError: null
at com.testscripts.demoblazeweb.AddToCart.addToCartTest(AddToCart.java:48)
at java.base/java.util.ArrayList.forEach(ArrayList.java:1596)
... Removed 27 stack frames]]>
    </failure>
  </testcase> <!-- addToCartTest -->
  <testcase classname="com.genericlib.demoblazeweb.Base" name="@AfterTest configAT" time="0.0">
    <ignored/>
  </testcase> <!-- @AfterTest configAT -->
  <testcase classname="com.genericlib.demoblazeweb.Base" name="@BeforeTest configBT" time="0.0">
    <ignored/>
  </testcase> <!-- @BeforeTest configBT -->
  <testcase classname="com.genericlib.demoblazeweb.Base" name="@AfterSuite configAS" time="0.0">
    <ignored/>
  </testcase> <!-- @AfterSuite configAS -->
</testsuite> <!-- Test -->
